Build started 6/8/2013 12:34:46 AM.
     1>Project "c:\Users\Scott\documents\visual studio 2012\Projects\IVLE_Metro\IVLE_Metro\IVLE_Metro.vcxproj" on node 2 (Build target(s)).
     1>ClCompile:
         C:\Program Files (x86)\Microsoft Visual Studio 11.0\VC\bin\CL.exe /c /I"c:\Users\Scott\documents\visual studio 2012\Projects\IVLE_Metro\IVLE_Metro\\" /I"Generated Files\\" /IDebug\ /ZI /ZW /ZW:nostdlib /nologo /W3 /WX- /sdl /MP /Od /Oy- /D _UNICODE /D UNICODE /D _DEBUG /D WINAPI_FAMILY=WINAPI_FAMILY_APP /Gm- /EHsc /RTC1 /MDd /GS /fp:precise /Zc:wchar_t /Zc:forScope /Yc"pch.h" /Fp"Debug\IVLE_Metro.pch" /Fo"Debug\\" /Fd"Debug\vc110.pdb" /Gd /TP /wd4453 /FU"C:\Program Files (x86)\Microsoft SDKs\Windows\v8.0\ExtensionSDKs\Microsoft.VCLibs\11.0\References\CommonConfiguration\neutral\platform.winmd" /FU"C:\Program Files (x86)\Windows Kits\8.0\References\CommonConfiguration\Neutral\Windows.winmd" /FU"C:\Program Files (x86)\Windows Kits\8.0\References\CommonConfiguration\Neutral\Windows.winmd" /analyze- /errorReport:prompt /bigobj pch.cpp
         pch.cpp
         C:\Program Files (x86)\Microsoft Visual Studio 11.0\VC\bin\CL.exe /c /I"c:\Users\Scott\documents\visual studio 2012\Projects\IVLE_Metro\IVLE_Metro\\" /I"Generated Files\\" /IDebug\ /ZI /ZW /ZW:nostdlib /nologo /W3 /WX- /sdl /MP /Od /Oy- /D _UNICODE /D UNICODE /D _DEBUG /D WINAPI_FAMILY=WINAPI_FAMILY_APP /Gm- /EHsc /RTC1 /MDd /GS /fp:precise /Zc:wchar_t /Zc:forScope /Yu"pch.h" /Fp"Debug\IVLE_Metro.pch" /Fo"Debug\\" /Fd"Debug\vc110.pdb" /Gd /TP /wd4453 /FU"C:\Program Files (x86)\Microsoft SDKs\Windows\v8.0\ExtensionSDKs\Microsoft.VCLibs\11.0\References\CommonConfiguration\neutral\platform.winmd" /FU"C:\Program Files (x86)\Windows Kits\8.0\References\CommonConfiguration\Neutral\Windows.winmd" /FU"C:\Program Files (x86)\Windows Kits\8.0\References\CommonConfiguration\Neutral\Windows.winmd" /analyze- /errorReport:prompt /bigobj App.xaml.cpp MainPage.xaml.cpp "Generated Files\XamlTypeInfo.Impl.g.cpp"
         App.xaml.cpp
         MainPage.xaml.cpp
         XamlTypeInfo.Impl.g.cpp
       CreateWinMD:
         C:\Program Files (x86)\Microsoft Visual Studio 11.0\VC\bin\link.exe /ERRORREPORT:PROMPT /OUT:"c:\users\scott\documents\visual studio 2012\Projects\IVLE_Metro\Debug\IVLE_Metro\IVLE_Metro.exe" /INCREMENTAL /NOLOGO kernel32.lib /MANIFEST:NO /DEBUG /PDB:"c:\users\scott\documents\visual studio 2012\Projects\IVLE_Metro\Debug\IVLE_Metro\IVLE_Metro.pdb" /SUBSYSTEM:WINDOWS /TLBID:1 /APPCONTAINER /WINMD:ONLY /WINMDFILE:"c:\users\scott\documents\visual studio 2012\Projects\IVLE_Metro\Debug\IVLE_Metro\IVLE_Metro.winmd" /DYNAMICBASE /NXCOMPAT /MACHINE:X86 Debug\App.xaml.obj
         Debug\MainPage.xaml.obj
         Debug\pch.obj
         Debug\XamlTypeInfo.Impl.g.obj
       CompileXamlGeneratedFiles:
         C:\Program Files (x86)\Microsoft Visual Studio 11.0\VC\bin\CL.exe /c /I"c:\Users\Scott\documents\visual studio 2012\Projects\IVLE_Metro\IVLE_Metro\\" /I"Generated Files\\" /IDebug\ /ZI /ZW /ZW:nostdlib /nologo /W3 /WX- /sdl /MP /Od /Oy- /D _UNICODE /D UNICODE /D _DEBUG /D WINAPI_FAMILY=WINAPI_FAMILY_APP /Gm- /EHsc /RTC1 /MDd /GS /fp:precise /Zc:wchar_t /Zc:forScope /Yu"pch.h" /Fp"Debug\IVLE_Metro.pch" /Fo"Debug\\" /Fd"Debug\vc110.pdb" /Gd /TP /wd4453 /FU"C:\Program Files (x86)\Microsoft SDKs\Windows\v8.0\ExtensionSDKs\Microsoft.VCLibs\11.0\References\CommonConfiguration\neutral\platform.winmd" /FU"C:\Program Files (x86)\Windows Kits\8.0\References\CommonConfiguration\Neutral\Windows.winmd" /FU"C:\Program Files (x86)\Windows Kits\8.0\References\CommonConfiguration\Neutral\Windows.winmd" /analyze- /errorReport:prompt /bigobj "Generated Files\XamlTypeInfo.g.cpp"
         XamlTypeInfo.g.cpp
       Link:
         C:\Program Files (x86)\Microsoft Visual Studio 11.0\VC\bin\link.exe /ERRORREPORT:PROMPT /OUT:"c:\users\scott\documents\visual studio 2012\Projects\IVLE_Metro\Debug\IVLE_Metro\IVLE_Metro.exe" /INCREMENTAL /NOLOGO kernel32.lib /MANIFEST:NO /DEBUG /PDB:"c:\users\scott\documents\visual studio 2012\Projects\IVLE_Metro\Debug\IVLE_Metro\IVLE_Metro.pdb" /SUBSYSTEM:WINDOWS /TLBID:1 /APPCONTAINER /WINMD:NO /WINMDFILE:"c:\users\scott\documents\visual studio 2012\Projects\IVLE_Metro\Debug\IVLE_Metro\IVLE_Metro.winmd" /DYNAMICBASE /NXCOMPAT /MACHINE:X86 Debug\App.xaml.obj
         Debug\MainPage.xaml.obj
         Debug\pch.obj
         Debug\XamlTypeInfo.Impl.g.obj
         Debug\XamlTypeInfo.g.obj
            Creating library c:\users\scott\documents\visual studio 2012\Projects\IVLE_Metro\Debug\IVLE_Metro\IVLE_Metro.lib and object c:\users\scott\documents\visual studio 2012\Projects\IVLE_Metro\Debug\IVLE_Metro\IVLE_Metro.exp
         IVLE_Metro.vcxproj -> c:\users\scott\documents\visual studio 2012\Projects\IVLE_Metro\Debug\IVLE_Metro\IVLE_Metro.exe
       _GenerateProjectPriFileCore:
         C:\Program Files (x86)\Windows Kits\8.0\bin\x86\MakePri.exe New -ProjectRoot "c:\Users\Scott\documents\visual studio 2012\Projects\IVLE_Metro\IVLE_Metro\\" -ConfigXml Debug\priconfig.xml -OutputFile "c:\users\scott\documents\visual studio 2012\Projects\IVLE_Metro\Debug\IVLE_Metro\resources.pri" -IndexName ba65864b-d766-4773-bf8c-c1192c4533df -Verbose -Overwrite  
     1>Done Building Project "c:\Users\Scott\documents\visual studio 2012\Projects\IVLE_Metro\IVLE_Metro\IVLE_Metro.vcxproj" (Build target(s)).

Build succeeded.

Time Elapsed 00:00:23.95
